Arguments: 
  /Users/anand/.nvm/versions/node/v16.9.0/bin/node /opt/homebrew/Cellar/yarn/1.22.17_2/libexec/bin/yarn.js add --dev typescript @node/types

PATH: 
  /Users/anand/go//bin:/opt/homebrew/opt/php@7.4/sbin:/opt/homebrew/opt/php@7.4/bin:/Users/anand/.nvm/versions/node/v16.9.0/bin:/Users/anand/.local/share/solana/install/active_release/bin:/Library/Frameworks/Python.framework/Versions/3.9/bin:/opt/homebrew/bin:/opt/homebrew/sbin:/usr/local/bin:/usr/bin:/bin:/usr/sbin:/sbin:/Applications/VMware Fusion Tech Preview.app/Contents/Public:/usr/local/go/bin:/Library/Apple/usr/bin:/Applications/Wireshark.app/Contents/MacOS:/Users/anand/go//bin:/opt/homebrew/opt/php@7.4/sbin:/opt/homebrew/opt/php@7.4/bin:/Users/anand/.nvm/versions/node/v16.9.0/bin:/Users/anand/.local/share/solana/install/active_release/bin:/Library/Frameworks/Python.framework/Versions/3.9/bin:/opt/homebrew/bin:/opt/homebrew/sbin:/Users/anand/.cargo/bin:/Users/anand/.sdkman/candidates/java/current/bin:./node_modules/.bin:/Users/anand/Library/Android/sdk/emulator:/Users/anand/Library/Android/sdk/tools:/Users/anand/Library/Android/sdk/tools/bin:/Users/anand/Library/Android/sdk/platform-tools:/Users/anand/Arcanist/arcanist/bin:./node_modules/.bin:/Users/anand/Library/Android/sdk/emulator:/Users/anand/Library/Android/sdk/tools:/Users/anand/Library/Android/sdk/tools/bin:/Users/anand/Library/Android/sdk/platform-tools:/Users/anand/Arcanist/arcanist/bin

Yarn version: 
  1.22.17

Node version: 
  16.9.0

Platform: 
  darwin arm64

Trace: 
  Error: https://registry.yarnpkg.com/@node%2ftypes: Not found
      at Request.params.callback [as _callback] (/opt/homebrew/Cellar/yarn/1.22.17_2/libexec/lib/cli.js:67029:18)
      at Request.self.callback (/opt/homebrew/Cellar/yarn/1.22.17_2/libexec/lib/cli.js:140883:22)
      at Request.emit (node:events:394:28)
      at Request.<anonymous> (/opt/homebrew/Cellar/yarn/1.22.17_2/libexec/lib/cli.js:141855:10)
      at Request.emit (node:events:394:28)
      at IncomingMessage.<anonymous> (/opt/homebrew/Cellar/yarn/1.22.17_2/libexec/lib/cli.js:141777:12)
      at Object.onceWrapper (node:events:513:28)
      at IncomingMessage.emit (node:events:406:35)
      at endReadableNT (node:internal/streams/readable:1343:12)
      at processTicksAndRejections (node:internal/process/task_queues:83:21)

npm manifest: 
  {
    "name": "cli",
    "version": "1.0.0",
    "main": "index.js",
    "license": "MIT"
  }

yarn manifest: 
  No manifest

Lockfile: 
  No lockfile
